<?xml version="1.0" encoding="UTF-8"?>
<testng-results ignored="0" total="1" passed="1" failed="0" skipped="0">
  <reporter-output>
  </reporter-output>
  <suite started-at="2023-05-03T12:29:59 IST" name="Default suite" finished-at="2023-05-03T12:30:11 IST" duration-ms="12000">
    <groups>
    </groups>
    <test started-at="2023-05-03T12:29:59 IST" name="Default test" finished-at="2023-05-03T12:30:11 IST" duration-ms="12000">
      <class name="demo1.demo2">
        <test-method signature="TC_001()[pri:1, instance:demo1.demo2@4550bb58]" started-at="2023-05-03T12:29:59 IST" name="TC_001" finished-at="2023-05-03T12:30:11 IST" duration-ms="11949" status="PASS">
          <reporter-output>
          </reporter-output>
        </test-method> <!-- TC_001 -->
      </class> <!-- demo1.demo2 -->
    </test> <!-- Default test -->
  </suite> <!-- Default suite -->
</testng-results>
